<?xml version="1.0" encoding="UTF-8"?>
<testng-results ignored="0" total="4" passed="4" failed="0" skipped="0">
  <reporter-output>
  </reporter-output>
  <suite started-at="2025-04-02T11:20:51 IST" name="Suite" finished-at="2025-04-02T11:21:03 IST" duration-ms="12144">
    <groups>
      <group name="cucumber">
        <method signature="AbstractTestNGCucumberTests.runScenario(io.cucumber.testng.PickleWrapper,io.cucumber.testng.FeatureWrapper)[pri:0, instance:runner.assation@367ffa75]" name="runScenario" class="io.cucumber.testng.AbstractTestNGCucumberTests"/>
      </group> <!-- cucumber -->
    </groups>
    <test started-at="2025-04-02T11:20:51 IST" name="Test" finished-at="2025-04-02T11:21:03 IST" duration-ms="12144">
      <class name="runner.assation">
        <test-method is-config="true" signature="setUpClass(org.testng.ITestContext)[pri:0, instance:runner.assation@367ffa75]" started-at="2025-04-02T11:20:51 IST" name="setUpClass" finished-at="2025-04-02T11:20:51 IST" duration-ms="369" status="PASS">
          <params>
            <param index="0">
              <value>
                <![CDATA[org.testng.TestRunner@7636823f]]>
              </value>
            </param>
          </params>
          <reporter-output>
          </reporter-output>
        </test-method> <!-- setUpClass -->
        <test-method signature="runScenario(io.cucumber.testng.PickleWrapper,io.cucumber.testng.FeatureWrapper)[pri:0, instance:runner.assation@367ffa75]" started-at="2025-04-02T11:20:51 IST" name="runScenario" description="Runs Cucumber Scenarios" data-provider="scenarios" finished-at="2025-04-02T11:20:55 IST" duration-ms="3263" status="PASS">
          <params>
            <param index="0">
              <value>
                <![CDATA["to test login feature using valid credentials"]]>
              </value>
            </param>
            <param index="1">
              <value>
                <![CDATA["login feature"]]>
              </value>
            </param>
          </params>
          <reporter-output>
          </reporter-output>
        </test-method> <!-- runScenario -->
        <test-method signature="runScenario(io.cucumber.testng.PickleWrapper,io.cucumber.testng.FeatureWrapper)[pri:0, instance:runner.assation@367ffa75]" started-at="2025-04-02T11:20:55 IST" name="runScenario" description="Runs Cucumber Scenarios" data-provider="scenarios" finished-at="2025-04-02T11:20:57 IST" duration-ms="2851" status="PASS">
          <params>
            <param index="0">
              <value>
                <![CDATA["to test login feature using an invalid username"]]>
              </value>
            </param>
            <param index="1">
              <value>
                <![CDATA["login feature"]]>
              </value>
            </param>
          </params>
          <reporter-output>
          </reporter-output>
        </test-method> <!-- runScenario -->
        <test-method signature="runScenario(io.cucumber.testng.PickleWrapper,io.cucumber.testng.FeatureWrapper)[pri:0, instance:runner.assation@367ffa75]" started-at="2025-04-02T11:20:57 IST" name="runScenario" description="Runs Cucumber Scenarios" data-provider="scenarios" finished-at="2025-04-02T11:21:00 IST" duration-ms="2864" status="PASS">
          <params>
            <param index="0">
              <value>
                <![CDATA["to test login feature using an invalid password"]]>
              </value>
            </param>
            <param index="1">
              <value>
                <![CDATA["login feature"]]>
              </value>
            </param>
          </params>
          <reporter-output>
          </reporter-output>
        </test-method> <!-- runScenario -->
        <test-method signature="runScenario(io.cucumber.testng.PickleWrapper,io.cucumber.testng.FeatureWrapper)[pri:0, instance:runner.assation@367ffa75]" started-at="2025-04-02T11:21:00 IST" name="runScenario" description="Runs Cucumber Scenarios" data-provider="scenarios" finished-at="2025-04-02T11:21:03 IST" duration-ms="2749" status="PASS">
          <params>
            <param index="0">
              <value>
                <![CDATA["to test login feature using invalid credentials"]]>
              </value>
            </param>
            <param index="1">
              <value>
                <![CDATA["login feature"]]>
              </value>
            </param>
          </params>
          <reporter-output>
          </reporter-output>
        </test-method> <!-- runScenario -->
        <test-method is-config="true" signature="tearDownClass()[pri:0, instance:runner.assation@367ffa75]" started-at="2025-04-02T11:21:03 IST" name="tearDownClass" finished-at="2025-04-02T11:21:03 IST" duration-ms="15" status="PASS">
          <reporter-output>
          </reporter-output>
        </test-method> <!-- tearDownClass -->
      </class> <!-- runner.assation -->
    </test> <!-- Test -->
  </suite> <!-- Suite -->
</testng-results>
